Removed Pin From Net: NetName=+12 Pin=Q1-2
Removed Pin From Net: NetName=NetJ2_3 Pin=Q2-2
Removed Pin From Net: NetName=GND Pin=Q2-3
Removed Pin From Net: NetName=GND Pin=Q3-2
Removed Pin From Net: NetName=+12 Pin=Q4-2
Removed Pin From Net: NetName=NetJ2_2 Pin=Q5-2
Removed Pin From Net: NetName=GND Pin=Q5-3
Removed Pin From Net: NetName=GND Pin=Q6-2
Removed Pin From Net: NetName=NetQ6_3 Pin=Q6-3
Removed Pin From Net: NetName=+12 Pin=Q7-2
Removed Pin From Net: NetName=NetQ1_1 Pin=R1-1
Removed Pin From Net: NetName=+12 Pin=R1-2
Removed Pin From Net: NetName=GREEN_PWM Pin=R5-1
Removed Pin From Net: NetName=NetQ3_1 Pin=R5-2
Removed Pin From Net: NetName=GND Pin=R7-1
Removed Pin From Net: NetName=NetQ3_1 Pin=R7-2
Removed Pin From Net: NetName=NetQ4_1 Pin=R8-1
Removed Pin From Net: NetName=+12 Pin=R8-2
Removed Pin From Net: NetName=NetQ6_3 Pin=R9-1
Removed Pin From Net: NetName=NetQ4_1 Pin=R9-2
Removed Pin From Net: NetName=NetQ4_3 Pin=R12-1
Removed Pin From Net: NetName=RED_PWM Pin=R14-1
Removed Pin From Net: NetName=GND Pin=R15-1
Removed Pin From Net: NetName=GND Pin=R16-1
Removed Pin From Net: NetName=+12 Pin=R17-2
Removed Member From Class: ClassName=MCU - Peripherals Member=Q7
Removed Member From Class: ClassName=MCU - Peripherals Member=Q8
Removed Member From Class: ClassName=MCU - Peripherals Member=Q9
Removed Member From Class: ClassName=MCU - Peripherals Member=R23
Removed Member From Class: ClassName=MCU - Peripherals Member=R24
Removed Member From Class: ClassName=MCU - Peripherals Member=R25
Change Component Footprint: Designator=Q1 Old Footprint=BC81740215 New Footprint=TO-252
Change Component Footprint: Designator=Q3 Old Footprint=BC81740215 New Footprint=TO-252
Change Component Footprint: Designator=Q2 Old Footprint=TO-252 New Footprint=BC81740215
Change Component Comment : Designator=R4 Old Comment=1k New Comment=330R
Change Component Comment : Designator=R12 Old Comment=1k New Comment=330R
Change Component Comment : Designator=R3 Old Comment=330R New Comment=1k
Change Component Comment : Designator=R5 Old Comment=330R New Comment=10k
Change Component Comment : Designator=R14 Old Comment=330R New Comment=10k
Change Component Comment : Designator=Q3 Old Comment=BC817-40,215 New Comment=NCE0140K2
Change Component Comment : Designator=Q2 Old Comment=NCE0140K2 New Comment=BC817-40,215
Change Component Comment : Designator=Q4 Old Comment=PMBT4403,215 New Comment=BC817-40,215
Change Component Comment : Designator=Q1 Old Comment=PMBT4403,215 New Comment=NCE0140K2
Change Component Designator: OldDesignator=Q8 NewDesignator=Q5
Change Component Designator: OldDesignator=Q9 NewDesignator=Q6
Change Component Designator: OldDesignator=R2 NewDesignator=R1
Change Component Designator: OldDesignator=R10 NewDesignator=R7
Change Component Designator: OldDesignator=R11 NewDesignator=R8
Change Component Designator: OldDesignator=R13 NewDesignator=R9
Change Component Designator: OldDesignator=R19 NewDesignator=R16
Change Component Designator: OldDesignator=R20 NewDesignator=R17
Change Component Designator: OldDesignator=R21 NewDesignator=R18
Change Component Designator: OldDesignator=R22 NewDesignator=R19
Change Component Designator: OldDesignator=R23 NewDesignator=R20
Change Component Designator: OldDesignator=R24 NewDesignator=R21
Change Component Designator: OldDesignator=R25 NewDesignator=R22
Change component parameters: Designator = "Q1" ("Q1"); Footprint = "BC81740215"; UniqueID = "\ZDWAFDQG" ("\ZDWAFDQG")
Change component parameters (AddParameter): Name = "Height"; Value = "2.38mm"; VariantName = "[No Variations]"
Change component parameters: Designator = "Q2" ("Q2"); Footprint = "TO-252"; UniqueID = "\LYXELZFA" ("\LYXELZFA")
Change component parameters (AddParameter): Name = "Arrow Part Number"; Value = "BC817-40,215"; VariantName = "[No Variations]"
Change component parameters (AddParameter): Name = "Arrow Price/Stock"; Value = "https://www.arrow.com/en/products/bc817-40215/nexperia?region=nac"; VariantName = "[No Variations]"
Change component parameters (AddParameter): Name = "Datasheet Link"; Value = "https://assets.nexperia.com/documents/data-sheet/BC817_SER.pdf"; VariantName = "[No Variations]"
Change component parameters (AddParameter): Name = "Height"; Value = "1.1mm"; VariantName = "[No Variations]"
Change component parameters (AddParameter): Name = "Manufacturer_Name"; Value = "Nexperia"; VariantName = "[No Variations]"
Change component parameters (AddParameter): Name = "Manufacturer_Part_Number"; Value = "BC817-40,215"; VariantName = "[No Variations]"
Change component parameters (AddParameter): Name = "Mouser Part Number"; Value = "771-BC817-40-T/R"; VariantName = "[No Variations]"
Change component parameters (AddParameter): Name = "Mouser Price/Stock"; Value = "https://www.mouser.co.uk/ProductDetail/Nexperia/BC817-40215?qs=me8TqzrmIYU%252B245p8hOLaQ%3D%3D"; VariantName = "[No Variations]"
Change component parameters: Designator = "Q3" ("Q3"); Footprint = "BC81740215"; UniqueID = "\IGIUBKNV" ("\IGIUBKNV")
Change component parameters (AddParameter): Name = "Height"; Value = "2.38mm"; VariantName = "[No Variations]"
Added Component: Designator=R2(0402_RES)
Added Component: Designator=R10(0402_RES)
Added Component: Designator=R11(0402_RES)
Added Component: Designator=R13(0402_RES)
Added Pin To Net: NetName=NetJ2_3 Pin=Q1-2
Added Pin To Net: NetName=GND Pin=Q1-3
Added Pin To Net: NetName=GND Pin=Q2-2
Added Pin To Net: NetName=NetJ2_2 Pin=Q3-2
Added Pin To Net: NetName=GND Pin=Q3-3
Added Pin To Net: NetName=GND Pin=Q4-2
Added Pin To Net: NetName=NetQ6_3 Pin=Q6-3
Added Pin To Net: NetName=NetQ1_1 Pin=R2-1
Added Pin To Net: NetName=+12 Pin=R2-2
Added Pin To Net: NetName=GREEN_PWM Pin=R4-1
Added Pin To Net: NetName=GND Pin=R5-1
Added Pin To Net: NetName=NetQ1_1 Pin=R5-2
Added Pin To Net: NetName=NetQ3_1 Pin=R10-1
Added Pin To Net: NetName=+12 Pin=R10-2
Added Pin To Net: NetName=NetQ4_3 Pin=R11-1
Added Pin To Net: NetName=NetQ3_1 Pin=R11-2
Added Pin To Net: NetName=RED_PWM Pin=R12-1
Added Pin To Net: NetName=NetQ4_1 Pin=R12-2
Added Pin To Net: NetName=GND Pin=R13-1
Added Pin To Net: NetName=NetQ3_1 Pin=R13-2
Added Pin To Net: NetName=GND Pin=R14-1
Added Pin To Net: NetName=NetQ4_1 Pin=R14-2
Added Pin To Net: NetName=NetQ8_1 Pin=R15-1
Added Pin To Net: NetName=+12 Pin=R15-2
Added Pin To Net: NetName=NetQ6_3 Pin=R16-1
Change Net Name : Old Net Name=NetQ8_1 New Net Name=NetQ5_1
Change Net Name : Old Net Name=NetQ9_1 New Net Name=NetQ6_1
Added Pin To Net: NetName=NetQ2_3 Pin=Q2-3
Added Pin To Net: NetName=NetQ2_3 Pin=R3-1
Added Net: Name=NetQ2_3
